-------------------------------------------------------------------------------
Test set: com.stackroute.taskrobo.commander.test.TaskDAOImplTest
-------------------------------------------------------------------------------
Tests run: 1, Failures: 0, Errors: 1, Skipped: 0, Time elapsed: 0.062 s <<< FAILURE! - in com.stackroute.taskrobo.commander.test.TaskDAOImplTest
com.stackroute.taskrobo.commander.test.TaskDAOImplTest  Time elapsed: 0.062 s  <<< ERROR!
org.springframework.beans.factory.BeanDefinitionStoreException: IOException parsing XML document from class path resource [beans.xml]; nested exception is java.io.FileNotFoundException: class path resource [beans.xml] cannot be opened because it does not exist
	at com.stackroute.taskrobo.commander.test.TaskDAOImplTest.initContext(TaskDAOImplTest.java:48)
Caused by: java.io.FileNotFoundException: class path resource [beans.xml] cannot be opened because it does not exist
	at com.stackroute.taskrobo.commander.test.TaskDAOImplTest.initContext(TaskDAOImplTest.java:48)

