<?xml version="1.0" encoding="UTF-8"?>
<testsuite xmlns:xsi="http://www.w3.org/2001/XMLSchema-instance" xsi:noNamespaceSchemaLocation="https://maven.apache.org/surefire/maven-surefire-plugin/xsd/surefire-test-report.xsd" name="com.stackroute.taskrobo.commander.test.TaskServiceImplTest" time="0.368" tests="9" errors="0" skipped="0" failures="0">
  <properties>
[...]
</properties>
  <testcase name="givenValidTaskDetailsWhenUpdatedThenReturnUpdatedTask" classname="com.stackroute.taskrobo.commander.test.TaskServiceImplTest" time="0.349"/>
  <testcase name="givenNothingThenReturnAllTeams" classname="com.stackroute.taskrobo.commander.test.TaskServiceImplTest" time="0.001"/>
  <testcase name="givenValidTaskIdWhenDeletedThenReturnTrue" classname="com.stackroute.taskrobo.commander.test.TaskServiceImplTest" time="0.001"/>
  <testcase name="givenDuplicateTaskThenThrowException" classname="com.stackroute.taskrobo.commander.test.TaskServiceImplTest" time="0.002"/>
  <testcase name="givenInvalidTaskIdException" classname="com.stackroute.taskrobo.commander.test.TaskServiceImplTest" time="0.001"/>
  <testcase name="givenInValidTaskIdWhenDeletedThenThrowException" classname="com.stackroute.taskrobo.commander.test.TaskServiceImplTest" time="0.002"/>
  <testcase name="givenValidTaskIdThenReturnTask" classname="com.stackroute.taskrobo.commander.test.TaskServiceImplTest" time="0.001"/>
  <testcase name="givenValidTaskWhenSavedThenReturnPlayer" classname="com.stackroute.taskrobo.commander.test.TaskServiceImplTest" time="0.002"/>
  <testcase name="givenInValidTaskDetailsWhenUpdatedThenThrowException" classname="com.stackroute.taskrobo.commander.test.TaskServiceImplTest" time="0.001"/>
</testsuite>